\BOOKMARK [1][-]{section.1}{Introduction}{}% 1
\BOOKMARK [1][-]{section.2}{Sparse Representation-Based Classification}{}% 2
\BOOKMARK [1][-]{section.3}{Proposed Algorithm}{}% 3
\BOOKMARK [2][-]{subsection.3.1}{Motivation}{section.3}% 4
\BOOKMARK [2][-]{subsection.3.2}{Local Principal Component Analysis Sparse Representation-Based Classification}{section.3}% 5
\BOOKMARK [2][-]{subsection.3.3}{Local Principal Component Analysis}{section.3}% 6
\BOOKMARK [2][-]{subsection.3.4}{Remarks on the Choice of Parameters}{section.3}% 7
\BOOKMARK [3][-]{subsubsection.3.4.1}{Estimate of class manifold dimension and number of neighbors}{subsection.3.4}% 8
\BOOKMARK [3][-]{subsubsection.3.4.2}{Pruning parameter}{subsection.3.4}% 9
\BOOKMARK [3][-]{subsubsection.3.4.3}{Using cross-validation to set multiple parameters}{subsection.3.4}% 10
\BOOKMARK [2][-]{subsection.3.5}{Computational Complexity and Storage Requirements}{section.3}% 11
\BOOKMARK [3][-]{subsubsection.3.5.1}{Computational complexity of SRC}{subsection.3.5}% 12
\BOOKMARK [3][-]{subsubsection.3.5.2}{Computational complexity of LPCA-SRC}{subsection.3.5}% 13
\BOOKMARK [3][-]{subsubsection.3.5.3}{Storage requirements}{subsection.3.5}% 14
\BOOKMARK [1][-]{section.4}{Experiments}{}% 15
\BOOKMARK [2][-]{subsection.4.1}{Algorithms Compared}{section.4}% 16
\BOOKMARK [2][-]{subsection.4.2}{Setting of Parameters}{section.4}% 17
\BOOKMARK [2][-]{subsection.4.3}{Synthetic Database}{section.4}% 18
\BOOKMARK [3][-]{subsubsection.4.3.1}{Database description}{subsection.4.3}% 19
\BOOKMARK [3][-]{subsubsection.4.3.2}{Experimental results}{subsection.4.3}% 20
\BOOKMARK [2][-]{subsection.4.4}{Face Databases}{section.4}% 21
\BOOKMARK [3][-]{subsubsection.4.4.1}{Database description}{subsection.4.4}% 22
\BOOKMARK [3][-]{subsubsection.4.4.2}{Dimension reduction}{subsection.4.4}% 23
\BOOKMARK [3][-]{subsubsection.4.4.3}{Handling occlusion}{subsection.4.4}% 24
\BOOKMARK [3][-]{subsubsection.4.4.4}{AR Face Database results}{subsection.4.4}% 25
\BOOKMARK [3][-]{subsubsection.4.4.5}{Extended Yale Face Database B and Database of Faces \(``ORL''\) results}{subsection.4.4}% 26
\BOOKMARK [3][-]{subsubsection.4.4.6}{Tangent vectors and PCA feature dimension}{subsection.4.4}% 27
\BOOKMARK [3][-]{subsubsection.4.4.7}{Summary}{subsection.4.4}% 28
\BOOKMARK [1][-]{section.5}{Further Discussion and Future Work}{}% 29
